2017-12-20 01:20:50,748 - montecarlo - ERROR - Opponent reverse table failed: 'CurrentHandPreflopState' object has no attribute 'bot_preflop_position_utg'
2017-12-20 01:20:50,750 - montecarlo - ERROR - No preflop range for bot, assuming 50% relative equity
2017-12-20 01:20:58,478 - montecarlo - ERROR - Opponent reverse table failed: 'CurrentHandPreflopState' object has no attribute 'bot_preflop_position_utg'
2017-12-20 01:20:58,479 - montecarlo - ERROR - No preflop range for bot, assuming 50% relative equity
2017-12-20 01:21:06,089 - montecarlo - ERROR - Opponent reverse table failed: 'CurrentHandPreflopState' object has no attribute 'bot_preflop_position_utg'
2017-12-20 01:21:06,090 - montecarlo - ERROR - No preflop range for bot, assuming 50% relative equity
2017-12-20 14:40:17,164 - table - CRITICAL - Table cards not recognised correctly: 2
2017-12-20 14:40:20,472 - montecarlo - ERROR - Opponent reverse table failed: 'CurrentHandPreflopState' object has no attribute 'bot_preflop_position_utg'
2017-12-20 14:40:20,473 - montecarlo - ERROR - No preflop range for bot, assuming 50% relative equity
2017-12-20 15:18:11,513 - montecarlo - ERROR - Opponent reverse table failed: 'CurrentHandPreflopState' object has no attribute 'bot_preflop_position_utg'
2017-12-20 15:18:11,515 - montecarlo - ERROR - No preflop range for bot, assuming 50% relative equity
2017-12-20 15:18:19,265 - montecarlo - ERROR - Opponent reverse table failed: 'CurrentHandPreflopState' object has no attribute 'bot_preflop_position_utg'
2017-12-20 15:18:19,267 - montecarlo - ERROR - No preflop range for bot, assuming 50% relative equity
2017-12-20 15:18:28,220 - montecarlo - ERROR - Opponent reverse table failed: 'CurrentHandPreflopState' object has no attribute 'bot_preflop_position_utg'
2017-12-20 15:18:28,223 - montecarlo - ERROR - No preflop range for bot, assuming 50% relative equity
2017-12-20 15:38:04,462 - montecarlo - ERROR - Opponent reverse table failed: 'CurrentHandPreflopState' object has no attribute 'bot_preflop_position_utg'
2017-12-20 15:38:04,463 - montecarlo - ERROR - No preflop range for bot, assuming 50% relative equity
2017-12-20 15:41:41,126 - montecarlo - ERROR - Opponent reverse table failed: 'CurrentHandPreflopState' object has no attribute 'bot_preflop_position_utg'
2017-12-20 15:41:41,127 - montecarlo - ERROR - No preflop range for bot, assuming 50% relative equity
2017-12-20 15:41:49,532 - montecarlo - ERROR - Opponent reverse table failed: 'CurrentHandPreflopState' object has no attribute 'bot_preflop_position_utg'
2017-12-20 15:41:49,533 - montecarlo - ERROR - No preflop range for bot, assuming 50% relative equity
2017-12-20 15:42:00,508 - montecarlo - ERROR - Opponent reverse table failed: 'CurrentHandPreflopState' object has no attribute 'bot_preflop_position_utg'
2017-12-20 15:42:00,511 - montecarlo - ERROR - No preflop range for bot, assuming 50% relative equity
2017-12-20 16:05:57,081 - decision - WARNING - Sheetname not found: 6
2017-12-20 16:05:57,081 - decision - WARNING - Backup sheet in use: 2R1
2017-12-20 18:23:54,632 - decision - ERROR - Call button or pot multiple had no value
2017-12-20 18:33:45,970 - montecarlo - ERROR - Opponent reverse table failed: 'CurrentHandPreflopState' object has no attribute 'bot_preflop_position_utg'
2017-12-20 18:33:45,971 - montecarlo - ERROR - No preflop range for bot, assuming 50% relative equity
2017-12-20 18:34:10,019 - montecarlo - ERROR - Opponent reverse table failed: 'CurrentHandPreflopState' object has no attribute 'bot_preflop_position_utg'
2017-12-20 18:34:10,020 - montecarlo - ERROR - No preflop range for bot, assuming 50% relative equity
2017-12-20 18:34:10,640 - decision - ERROR - Call button or pot multiple had no value
2017-12-20 18:34:22,311 - montecarlo - ERROR - Opponent reverse table failed: 'CurrentHandPreflopState' object has no attribute 'bot_preflop_position_utg'
2017-12-20 18:34:22,312 - montecarlo - ERROR - No preflop range for bot, assuming 50% relative equity
2017-12-20 18:34:43,382 - montecarlo - ERROR - Opponent reverse table failed: 'CurrentHandPreflopState' object has no attribute 'bot_preflop_position_utg'
2017-12-20 18:34:43,383 - montecarlo - ERROR - No preflop range for bot, assuming 50% relative equity
2017-12-20 18:34:44,352 - decision - ERROR - Call button or pot multiple had no value
2017-12-20 18:35:00,185 - table - WARNING - Taking call value from button on the right
2017-12-20 18:35:03,253 - montecarlo - ERROR - Opponent reverse table failed: 'CurrentHandPreflopState' object has no attribute 'bot_preflop_position_utg'
2017-12-20 18:35:03,255 - montecarlo - ERROR - No preflop range for bot, assuming 50% relative equity
2017-12-20 18:35:10,936 - table - CRITICAL - Table cards not recognised correctly: 2
2017-12-20 18:35:15,593 - table - WARNING - Game over
2017-12-20 18:40:00,302 - decision - ERROR - Call button or pot multiple had no value
2017-12-20 18:41:32,643 - decision - WARNING - Sheetname not found: 6
2017-12-20 18:41:32,643 - decision - WARNING - Backup sheet in use: 2R1
2017-12-20 18:43:33,116 - decision - ERROR - Call button or pot multiple had no value
2017-12-20 18:44:33,532 - decision - WARNING - Sheetname not found: 22
2017-12-20 18:44:33,532 - decision - WARNING - Backup sheet in use: 2R1
2017-12-20 18:46:30,244 - table - WARNING - Taking call value from button on the right
2017-12-20 18:46:51,999 - table - CRITICAL - Table cards not recognised correctly: 1
2017-12-20 18:47:05,717 - table - WARNING - Game over
2017-12-20 18:58:12,117 - table - WARNING - Taking call value from button on the right
2017-12-20 18:58:15,079 - decision - WARNING - Sheetname not found: 6
2017-12-20 18:58:15,079 - decision - WARNING - Backup sheet in use: 2R1
2017-12-20 18:58:35,916 - table - WARNING - Game over
2017-12-20 19:03:27,977 - decision - WARNING - Sheetname not found: 6
2017-12-20 19:03:27,977 - decision - WARNING - Backup sheet in use: 2R1
2017-12-20 19:04:29,382 - decision - ERROR - Call button or pot multiple had no value
2017-12-20 19:05:33,775 - table - WARNING - Taking call value from button on the right
2017-12-20 19:05:42,773 - table - CRITICAL - Table cards not recognised correctly: 1
2017-12-20 19:05:54,854 - table - WARNING - Game over
2017-12-20 19:12:53,028 - gui - WARNING - Strategy not saved
2017-12-20 19:12:55,528 - gui - WARNING - Strategy not saved
2017-12-20 19:47:01,090 - montecarlo - ERROR - Opponent reverse table failed: 'CurrentHandPreflopState' object has no attribute 'bot_preflop_position_utg'
2017-12-20 19:47:01,092 - montecarlo - ERROR - No preflop range for bot, assuming 50% relative equity
2017-12-20 19:47:01,107 - montecarlo - WARNING - Cutting short montecarlo due to timeout
2017-12-20 19:47:01,107 - montecarlo - WARNING - Passes: 1011
2017-12-20 19:47:01,107 - montecarlo - WARNING - Runs: 86
2017-12-20 19:59:45,893 - montecarlo - ERROR - Opponent reverse table failed: 'CurrentHandPreflopState' object has no attribute 'bot_preflop_position_utg'
2017-12-20 19:59:45,895 - montecarlo - ERROR - No preflop range for bot, assuming 50% relative equity
2017-12-20 19:59:45,911 - montecarlo - WARNING - Cutting short montecarlo due to timeout
2017-12-20 19:59:45,912 - montecarlo - WARNING - Passes: 1000
2017-12-20 19:59:45,913 - montecarlo - WARNING - Runs: 102
2017-12-20 20:01:47,818 - montecarlo - ERROR - Opponent reverse table failed: 'CurrentHandPreflopState' object has no attribute 'bot_preflop_position_utg'
2017-12-20 20:01:47,820 - montecarlo - ERROR - No preflop range for bot, assuming 50% relative equity
2017-12-20 20:01:59,335 - montecarlo - ERROR - Opponent reverse table failed: 'CurrentHandPreflopState' object has no attribute 'bot_preflop_position_utg'
2017-12-20 20:01:59,336 - montecarlo - ERROR - No preflop range for bot, assuming 50% relative equity
2017-12-20 20:02:10,992 - montecarlo - ERROR - Opponent reverse table failed: 'CurrentHandPreflopState' object has no attribute 'bot_preflop_position_utg'
2017-12-20 20:02:10,994 - montecarlo - ERROR - No preflop range for bot, assuming 50% relative equity
2017-12-20 20:02:59,283 - montecarlo - ERROR - Opponent reverse table failed: 'CurrentHandPreflopState' object has no attribute 'bot_preflop_position_utg'
2017-12-20 20:02:59,285 - montecarlo - ERROR - No preflop range for bot, assuming 50% relative equity
2017-12-20 20:03:40,599 - montecarlo - ERROR - Opponent reverse table failed: 'CurrentHandPreflopState' object has no attribute 'bot_preflop_position_utg'
2017-12-20 20:03:40,600 - montecarlo - ERROR - No preflop range for bot, assuming 50% relative equity
2017-12-20 20:03:40,618 - montecarlo - WARNING - Cutting short montecarlo due to timeout
2017-12-20 20:03:40,619 - montecarlo - WARNING - Passes: 1008
2017-12-20 20:03:40,620 - montecarlo - WARNING - Runs: 107
2017-12-20 20:05:37,480 - montecarlo - ERROR - Opponent reverse table failed: 'CurrentHandPreflopState' object has no attribute 'bot_preflop_position_utg'
2017-12-20 20:05:37,482 - montecarlo - ERROR - No preflop range for bot, assuming 50% relative equity
2017-12-20 20:06:03,458 - montecarlo - ERROR - Opponent reverse table failed: 'CurrentHandPreflopState' object has no attribute 'bot_preflop_position_utg'
2017-12-20 20:06:03,461 - montecarlo - ERROR - No preflop range for bot, assuming 50% relative equity
2017-12-20 20:06:03,474 - montecarlo - WARNING - Cutting short montecarlo due to timeout
2017-12-20 20:06:03,475 - montecarlo - WARNING - Passes: 1005
2017-12-20 20:06:03,475 - montecarlo - WARNING - Runs: 79
2017-12-20 20:06:16,479 - montecarlo - ERROR - Opponent reverse table failed: 'CurrentHandPreflopState' object has no attribute 'bot_preflop_position_utg'
2017-12-20 20:06:16,481 - montecarlo - ERROR - No preflop range for bot, assuming 50% relative equity
2017-12-20 20:06:36,171 - montecarlo - ERROR - Opponent reverse table failed: 'CurrentHandPreflopState' object has no attribute 'bot_preflop_position_utg'
2017-12-20 20:06:36,173 - montecarlo - ERROR - No preflop range for bot, assuming 50% relative equity
2017-12-20 20:06:51,268 - montecarlo - ERROR - Opponent reverse table failed: 'CurrentHandPreflopState' object has no attribute 'bot_preflop_position_utg'
2017-12-20 20:06:51,269 - montecarlo - ERROR - No preflop range for bot, assuming 50% relative equity
2017-12-20 20:06:52,182 - montecarlo - WARNING - Cutting short montecarlo due to timeout
2017-12-20 20:06:52,182 - montecarlo - WARNING - Passes: 69524
2017-12-20 20:06:52,184 - montecarlo - WARNING - Runs: 6072
2017-12-20 20:07:04,625 - montecarlo - ERROR - Opponent reverse table failed: 'CurrentHandPreflopState' object has no attribute 'bot_preflop_position_utg'
2017-12-20 20:07:04,627 - montecarlo - ERROR - No preflop range for bot, assuming 50% relative equity
2017-12-20 20:07:04,794 - montecarlo - WARNING - Cutting short montecarlo due to timeout
2017-12-20 20:07:04,794 - montecarlo - WARNING - Passes: 12282
2017-12-20 20:07:04,796 - montecarlo - WARNING - Runs: 1038
2017-12-20 20:07:17,968 - montecarlo - ERROR - Opponent reverse table failed: 'CurrentHandPreflopState' object has no attribute 'bot_preflop_position_utg'
2017-12-20 20:07:17,969 - montecarlo - ERROR - No preflop range for bot, assuming 50% relative equity
2017-12-20 20:07:17,987 - montecarlo - WARNING - Cutting short montecarlo due to timeout
2017-12-20 20:07:17,987 - montecarlo - WARNING - Passes: 1004
2017-12-20 20:07:17,987 - montecarlo - WARNING - Runs: 92
2017-12-20 20:09:51,239 - montecarlo - ERROR - Opponent reverse table failed: 'CurrentHandPreflopState' object has no attribute 'bot_preflop_position_utg'
2017-12-20 20:09:51,240 - montecarlo - ERROR - No preflop range for bot, assuming 50% relative equity
2017-12-20 20:10:12,780 - montecarlo - ERROR - Opponent reverse table failed: 'CurrentHandPreflopState' object has no attribute 'bot_preflop_position_utg'
2017-12-20 20:10:12,781 - montecarlo - ERROR - No preflop range for bot, assuming 50% relative equity
2017-12-20 20:10:23,632 - montecarlo - ERROR - Opponent reverse table failed: 'CurrentHandPreflopState' object has no attribute 'bot_preflop_position_utg'
2017-12-20 20:10:23,634 - montecarlo - ERROR - No preflop range for bot, assuming 50% relative equity
2017-12-20 20:11:34,553 - montecarlo - ERROR - Opponent reverse table failed: 'CurrentHandPreflopState' object has no attribute 'bot_preflop_position_utg'
2017-12-20 20:11:34,555 - montecarlo - ERROR - No preflop range for bot, assuming 50% relative equity
2017-12-20 20:11:34,675 - montecarlo - WARNING - Cutting short montecarlo due to timeout
2017-12-20 20:11:34,675 - montecarlo - WARNING - Passes: 7923
2017-12-20 20:11:34,677 - montecarlo - WARNING - Runs: 812
2017-12-20 20:11:50,273 - montecarlo - ERROR - Opponent reverse table failed: 'CurrentHandPreflopState' object has no attribute 'bot_preflop_position_utg'
2017-12-20 20:11:50,274 - montecarlo - ERROR - No preflop range for bot, assuming 50% relative equity
2017-12-20 20:12:10,511 - montecarlo - ERROR - Opponent reverse table failed: 'CurrentHandPreflopState' object has no attribute 'bot_preflop_position_utg'
2017-12-20 20:12:10,513 - montecarlo - ERROR - No preflop range for bot, assuming 50% relative equity
2017-12-20 20:12:10,543 - montecarlo - WARNING - Cutting short montecarlo due to timeout
2017-12-20 20:12:10,543 - montecarlo - WARNING - Passes: 1000
2017-12-20 20:12:10,545 - montecarlo - WARNING - Runs: 110
2017-12-20 20:16:59,092 - montecarlo - ERROR - Opponent reverse table failed: 'CurrentHandPreflopState' object has no attribute 'bot_preflop_position_utg'
2017-12-20 20:16:59,094 - montecarlo - ERROR - No preflop range for bot, assuming 50% relative equity
2017-12-20 20:16:59,530 - montecarlo - WARNING - Cutting short montecarlo due to timeout
2017-12-20 20:16:59,530 - montecarlo - WARNING - Passes: 29306
2017-12-20 20:16:59,532 - montecarlo - WARNING - Runs: 3067
2017-12-20 20:17:10,602 - montecarlo - ERROR - Opponent reverse table failed: 'CurrentHandPreflopState' object has no attribute 'bot_preflop_position_utg'
2017-12-20 20:17:10,604 - montecarlo - ERROR - No preflop range for bot, assuming 50% relative equity
2017-12-20 20:17:11,533 - montecarlo - WARNING - Cutting short montecarlo due to timeout
2017-12-20 20:17:11,534 - montecarlo - WARNING - Passes: 62876
2017-12-20 20:17:11,536 - montecarlo - WARNING - Runs: 6536
2017-12-20 20:17:51,069 - montecarlo - ERROR - Opponent reverse table failed: 'CurrentHandPreflopState' object has no attribute 'bot_preflop_position_utg'
2017-12-20 20:17:51,070 - montecarlo - ERROR - No preflop range for bot, assuming 50% relative equity
2017-12-20 20:17:52,101 - montecarlo - WARNING - Cutting short montecarlo due to timeout
2017-12-20 20:17:52,101 - montecarlo - WARNING - Passes: 68516
2017-12-20 20:17:52,103 - montecarlo - WARNING - Runs: 7186
2017-12-20 20:24:07,704 - montecarlo - ERROR - Opponent reverse table failed: 'CurrentHandPreflopState' object has no attribute 'bot_preflop_position_utg'
2017-12-20 20:24:07,706 - montecarlo - ERROR - No preflop range for bot, assuming 50% relative equity
2017-12-20 20:24:07,726 - montecarlo - WARNING - Cutting short montecarlo due to timeout
2017-12-20 20:24:07,726 - montecarlo - WARNING - Passes: 1003
2017-12-20 20:24:07,728 - montecarlo - WARNING - Runs: 99
2017-12-20 20:24:18,949 - montecarlo - ERROR - Opponent reverse table failed: 'CurrentHandPreflopState' object has no attribute 'bot_preflop_position_utg'
2017-12-20 20:24:18,951 - montecarlo - ERROR - No preflop range for bot, assuming 50% relative equity
2017-12-20 20:25:22,747 - montecarlo - ERROR - Opponent reverse table failed: 'CurrentHandPreflopState' object has no attribute 'bot_preflop_position_utg'
2017-12-20 20:25:22,750 - montecarlo - ERROR - No preflop range for bot, assuming 50% relative equity
2017-12-20 20:26:35,444 - montecarlo - ERROR - Opponent reverse table failed: 'CurrentHandPreflopState' object has no attribute 'bot_preflop_position_utg'
2017-12-20 20:26:35,448 - montecarlo - ERROR - No preflop range for bot, assuming 50% relative equity
2017-12-20 20:26:46,157 - montecarlo - ERROR - Opponent reverse table failed: 'CurrentHandPreflopState' object has no attribute 'bot_preflop_position_utg'
2017-12-20 20:26:46,161 - montecarlo - ERROR - No preflop range for bot, assuming 50% relative equity
2017-12-20 20:27:08,015 - montecarlo - ERROR - Opponent reverse table failed: 'CurrentHandPreflopState' object has no attribute 'bot_preflop_position_utg'
2017-12-20 20:27:08,018 - montecarlo - ERROR - No preflop range for bot, assuming 50% relative equity
2017-12-20 20:27:25,122 - montecarlo - ERROR - Opponent reverse table failed: 'CurrentHandPreflopState' object has no attribute 'bot_preflop_position_utg'
2017-12-20 20:27:25,126 - montecarlo - ERROR - No preflop range for bot, assuming 50% relative equity
2017-12-20 20:28:26,248 - montecarlo - ERROR - Opponent reverse table failed: 'CurrentHandPreflopState' object has no attribute 'bot_preflop_position_utg'
2017-12-20 20:28:26,249 - montecarlo - ERROR - No preflop range for bot, assuming 50% relative equity
2017-12-20 20:29:58,883 - montecarlo - ERROR - Opponent reverse table failed: 'CurrentHandPreflopState' object has no attribute 'bot_preflop_position_utg'
2017-12-20 20:29:58,884 - montecarlo - ERROR - No preflop range for bot, assuming 50% relative equity
2017-12-20 20:30:11,506 - montecarlo - ERROR - Opponent reverse table failed: 'CurrentHandPreflopState' object has no attribute 'bot_preflop_position_utg'
2017-12-20 20:30:11,508 - montecarlo - ERROR - No preflop range for bot, assuming 50% relative equity
2017-12-20 20:30:12,354 - montecarlo - WARNING - Cutting short montecarlo due to timeout
2017-12-20 20:30:12,354 - montecarlo - WARNING - Passes: 57870
2017-12-20 20:30:12,355 - montecarlo - WARNING - Runs: 5934
2017-12-21 00:29:03,717 - montecarlo - ERROR - Opponent reverse table failed: 'CurrentHandPreflopState' object has no attribute 'bot_preflop_position_utg'
2017-12-21 00:29:03,738 - montecarlo - ERROR - No preflop range for bot, assuming 50% relative equity
2017-12-21 00:29:17,961 - montecarlo - ERROR - Opponent reverse table failed: 'CurrentHandPreflopState' object has no attribute 'bot_preflop_position_utg'
2017-12-21 00:29:17,963 - montecarlo - ERROR - No preflop range for bot, assuming 50% relative equity
2017-12-21 00:29:17,979 - montecarlo - WARNING - Cutting short montecarlo due to timeout
2017-12-21 00:29:17,980 - montecarlo - WARNING - Passes: 1013
2017-12-21 00:29:17,981 - montecarlo - WARNING - Runs: 97
2017-12-21 00:29:30,561 - montecarlo - ERROR - Opponent reverse table failed: 'CurrentHandPreflopState' object has no attribute 'bot_preflop_position_utg'
2017-12-21 00:29:30,563 - montecarlo - ERROR - No preflop range for bot, assuming 50% relative equity
2017-12-21 00:29:30,590 - montecarlo - WARNING - Cutting short montecarlo due to timeout
2017-12-21 00:29:30,590 - montecarlo - WARNING - Passes: 1007
2017-12-21 00:29:30,592 - montecarlo - WARNING - Runs: 85
2017-12-21 00:33:06,909 - montecarlo - ERROR - Opponent reverse table failed: 'CurrentHandPreflopState' object has no attribute 'bot_preflop_position_utg'
2017-12-21 00:33:06,911 - montecarlo - ERROR - No preflop range for bot, assuming 50% relative equity
2017-12-21 00:33:06,930 - montecarlo - WARNING - Cutting short montecarlo due to timeout
2017-12-21 00:33:06,931 - montecarlo - WARNING - Passes: 1013
2017-12-21 00:33:06,932 - montecarlo - WARNING - Runs: 117
2017-12-21 00:36:36,928 - montecarlo - ERROR - Opponent reverse table failed: 'CurrentHandPreflopState' object has no attribute 'bot_preflop_position_utg'
2017-12-21 00:36:36,930 - montecarlo - ERROR - No preflop range for bot, assuming 50% relative equity
2017-12-21 00:50:33,487 - montecarlo - ERROR - Opponent reverse table failed: 'CurrentHandPreflopState' object has no attribute 'bot_preflop_position_utg'
2017-12-21 00:50:33,489 - montecarlo - ERROR - No preflop range for bot, assuming 50% relative equity
2017-12-21 00:52:26,903 - montecarlo - ERROR - Opponent reverse table failed: 'CurrentHandPreflopState' object has no attribute 'bot_preflop_position_utg'
2017-12-21 00:52:26,947 - montecarlo - ERROR - No preflop range for bot, assuming 50% relative equity
2017-12-21 00:57:13,969 - montecarlo - ERROR - Opponent reverse table failed: 'CurrentHandPreflopState' object has no attribute 'bot_preflop_position_utg'
2017-12-21 00:57:13,971 - montecarlo - ERROR - No preflop range for bot, assuming 50% relative equity
2017-12-21 00:57:25,329 - montecarlo - ERROR - Opponent reverse table failed: 'CurrentHandPreflopState' object has no attribute 'bot_preflop_position_utg'
2017-12-21 00:57:25,330 - montecarlo - ERROR - No preflop range for bot, assuming 50% relative equity
2017-12-21 01:00:18,505 - decision - ERROR - Call button or pot multiple had no value
2017-12-21 01:03:07,658 - decision - WARNING - Sheetname not found: 6
2017-12-21 01:03:07,659 - decision - WARNING - Backup sheet in use: 2R1
2017-12-21 01:10:21,371 - decision - WARNING - Sheetname not found: 6
2017-12-21 01:10:21,372 - decision - WARNING - Backup sheet in use: 2R1
2017-12-21 01:12:31,650 - decision - ERROR - Call button or pot multiple had no value
2017-12-21 01:13:03,083 - decision - ERROR - Call button or pot multiple had no value
2017-12-21 01:13:38,552 - decision - WARNING - Sheetname not found: 6
2017-12-21 01:13:38,552 - decision - WARNING - Backup sheet in use: 2R1
2017-12-21 01:13:38,979 - decision - ERROR - Call button or pot multiple had no value
2017-12-21 01:14:32,993 - decision - ERROR - Call button or pot multiple had no value
2017-12-21 01:15:26,484 - decision - ERROR - Call button or pot multiple had no value
2017-12-21 01:15:35,285 - table - CRITICAL - Table cards not recognised correctly: 1
2017-12-21 01:17:18,384 - decision - WARNING - Sheetname not found: 6
2017-12-21 01:17:18,384 - decision - WARNING - Backup sheet in use: 2R1
2017-12-21 01:19:13,604 - decision - WARNING - Sheetname not found: 6
2017-12-21 01:19:13,604 - decision - WARNING - Backup sheet in use: 2R1
2017-12-21 01:19:23,883 - table - CRITICAL - Table cards not recognised correctly: 1
2017-12-21 01:21:35,195 - decision - WARNING - Sheetname not found: 6
2017-12-21 01:21:35,196 - decision - WARNING - Backup sheet in use: 2R1
2017-12-21 01:22:11,976 - decision - ERROR - Call button or pot multiple had no value
2017-12-21 01:22:30,627 - decision - ERROR - Call button or pot multiple had no value
2017-12-21 01:24:36,425 - decision - WARNING - Sheetname not found: 6
2017-12-21 01:24:36,425 - decision - WARNING - Backup sheet in use: 2R1
2017-12-21 01:24:36,715 - decision - ERROR - Call button or pot multiple had no value
2017-12-21 01:24:47,480 - table - CRITICAL - Table cards not recognised correctly: 1
2017-12-21 01:25:46,147 - decision - ERROR - Call button or pot multiple had no value
2017-12-21 01:28:04,703 - decision - WARNING - Sheetname not found: 6
2017-12-21 01:28:04,704 - decision - WARNING - Backup sheet in use: 2R1
2017-12-21 01:30:01,122 - decision - ERROR - Call button or pot multiple had no value
2017-12-21 01:32:10,392 - decision - ERROR - Call button or pot multiple had no value
2017-12-21 01:33:22,261 - decision - WARNING - Sheetname not found: 6
2017-12-21 01:33:22,261 - decision - WARNING - Backup sheet in use: 2R1
2017-12-21 01:37:15,669 - decision - WARNING - Sheetname not found: 6
2017-12-21 01:37:15,670 - decision - WARNING - Backup sheet in use: 2R1
2017-12-21 01:38:53,511 - table - WARNING - Taking call value from button on the right
2017-12-21 01:41:10,796 - decision - WARNING - Sheetname not found: 6
2017-12-21 01:41:10,796 - decision - WARNING - Backup sheet in use: 2R1
2017-12-21 01:42:34,254 - decision - ERROR - Call button or pot multiple had no value
2017-12-21 01:42:57,397 - decision - WARNING - Sheetname not found: 32
2017-12-21 01:42:57,398 - decision - WARNING - Backup sheet in use: 2R1
2017-12-21 01:45:12,109 - decision - ERROR - Call button or pot multiple had no value
2017-12-21 01:46:32,516 - decision - ERROR - Call button or pot multiple had no value
2017-12-21 01:46:52,476 - decision - WARNING - Sheetname not found: 22
2017-12-21 01:46:52,476 - decision - WARNING - Backup sheet in use: 2R1
2017-12-21 01:46:52,724 - decision - ERROR - Call button or pot multiple had no value
2017-12-21 01:47:15,014 - decision - ERROR - Call button or pot multiple had no value
2017-12-21 01:48:29,500 - decision - WARNING - Sheetname not found: 6
2017-12-21 01:48:29,500 - decision - WARNING - Backup sheet in use: 2R1
2017-12-21 01:51:43,653 - decision - WARNING - Sheetname not found: 6
2017-12-21 01:51:43,653 - decision - WARNING - Backup sheet in use: 2R1
2017-12-21 01:53:02,103 - decision - ERROR - Call button or pot multiple had no value
2017-12-21 01:57:25,754 - decision - ERROR - Call button or pot multiple had no value
2017-12-21 01:58:46,949 - decision - ERROR - Call button or pot multiple had no value
2017-12-21 01:59:29,052 - decision - ERROR - Call button or pot multiple had no value
2017-12-21 01:59:47,382 - decision - ERROR - Call button or pot multiple had no value
2017-12-21 02:00:05,633 - decision - ERROR - Call button or pot multiple had no value
2017-12-21 02:03:00,236 - decision - ERROR - Call button or pot multiple had no value
2017-12-21 02:08:02,548 - handmemory - WARNING - Reverse sheetname not found: 22R1
2017-12-21 02:08:02,548 - handmemory - WARNING - Trying to cut last element of reverse sheet: 22
2017-12-21 02:08:02,551 - handmemory - WARNING - Cut reverse sheetname not found either: 22
2017-12-21 02:08:02,553 - handmemory - WARNING - Using backup reverse sheet: 2
2017-12-21 02:08:02,556 - handmemory - WARNING - Reverse sheetname not found: 42R1
2017-12-21 02:08:02,556 - handmemory - WARNING - Trying to cut last element of reverse sheet: 42
2017-12-21 02:08:02,556 - handmemory - WARNING - Cut reverse sheetname not found either: 42
2017-12-21 02:08:02,557 - handmemory - WARNING - Using backup reverse sheet: 4
2017-12-21 02:08:15,707 - handmemory - WARNING - Reverse sheetname not found: 22R1
2017-12-21 02:08:15,708 - handmemory - WARNING - Trying to cut last element of reverse sheet: 22
2017-12-21 02:08:15,710 - handmemory - WARNING - Cut reverse sheetname not found either: 22
2017-12-21 02:08:15,711 - handmemory - WARNING - Using backup reverse sheet: 2
2017-12-21 02:08:15,713 - handmemory - WARNING - Reverse sheetname not found: 42R1
2017-12-21 02:08:15,714 - handmemory - WARNING - Trying to cut last element of reverse sheet: 42
2017-12-21 02:08:15,714 - handmemory - WARNING - Cut reverse sheetname not found either: 42
2017-12-21 02:08:15,714 - handmemory - WARNING - Using backup reverse sheet: 4
2017-12-21 02:08:16,322 - decision - ERROR - Call button or pot multiple had no value
2017-12-21 02:08:25,694 - handmemory - WARNING - Reverse sheetname not found: 22R1
2017-12-21 02:08:25,695 - handmemory - WARNING - Trying to cut last element of reverse sheet: 22
2017-12-21 02:08:25,697 - handmemory - WARNING - Cut reverse sheetname not found either: 22
2017-12-21 02:08:25,698 - handmemory - WARNING - Using backup reverse sheet: 2
2017-12-21 02:08:25,701 - handmemory - WARNING - Reverse sheetname not found: 42R1
2017-12-21 02:08:25,701 - handmemory - WARNING - Trying to cut last element of reverse sheet: 42
2017-12-21 02:08:25,701 - handmemory - WARNING - Cut reverse sheetname not found either: 42
2017-12-21 02:08:25,702 - handmemory - WARNING - Using backup reverse sheet: 4
2017-12-21 02:08:37,908 - handmemory - WARNING - Reverse sheetname not found: 22R1
2017-12-21 02:08:37,908 - handmemory - WARNING - Trying to cut last element of reverse sheet: 22
2017-12-21 02:08:37,911 - handmemory - WARNING - Cut reverse sheetname not found either: 22
2017-12-21 02:08:37,913 - handmemory - WARNING - Using backup reverse sheet: 2
2017-12-21 02:08:37,917 - handmemory - WARNING - Reverse sheetname not found: 42R1
2017-12-21 02:08:37,917 - handmemory - WARNING - Trying to cut last element of reverse sheet: 42
2017-12-21 02:08:37,918 - handmemory - WARNING - Cut reverse sheetname not found either: 42
2017-12-21 02:08:37,918 - handmemory - WARNING - Using backup reverse sheet: 4
2017-12-21 02:10:10,765 - decision - ERROR - Call button or pot multiple had no value
2017-12-21 02:13:03,774 - decision - ERROR - Call button or pot multiple had no value
2017-12-21 02:13:23,394 - decision - WARNING - Sheetname not found: 32
2017-12-21 02:13:23,395 - decision - WARNING - Backup sheet in use: 2R1
2017-12-21 02:14:59,145 - decision - WARNING - Sheetname not found: 6
2017-12-21 02:14:59,145 - decision - WARNING - Backup sheet in use: 2R1
2017-12-21 02:14:59,438 - decision - ERROR - Call button or pot multiple had no value
2017-12-21 02:15:10,171 - table - CRITICAL - Table cards not recognised correctly: 1
2017-12-21 02:15:31,390 - decision - ERROR - Call button or pot multiple had no value
2017-12-21 02:21:12,525 - handmemory - WARNING - Reverse sheetname not found: 22R1
2017-12-21 02:21:12,525 - handmemory - WARNING - Trying to cut last element of reverse sheet: 22
2017-12-21 02:21:12,528 - handmemory - WARNING - Cut reverse sheetname not found either: 22
2017-12-21 02:21:12,529 - handmemory - WARNING - Using backup reverse sheet: 2
2017-12-21 02:21:12,531 - handmemory - WARNING - Reverse sheetname not found: 32R1
2017-12-21 02:21:12,531 - handmemory - WARNING - Trying to cut last element of reverse sheet: 32
2017-12-21 02:21:12,532 - handmemory - WARNING - Cut reverse sheetname not found either: 32
2017-12-21 02:21:12,532 - handmemory - WARNING - Using backup reverse sheet: 3
2017-12-21 02:21:12,534 - handmemory - WARNING - Reverse sheetname not found: 42R1
2017-12-21 02:21:12,534 - handmemory - WARNING - Trying to cut last element of reverse sheet: 42
2017-12-21 02:21:12,535 - handmemory - WARNING - Cut reverse sheetname not found either: 42
2017-12-21 02:21:12,535 - handmemory - WARNING - Using backup reverse sheet: 4
2017-12-21 02:21:22,263 - handmemory - WARNING - Reverse sheetname not found: 22R1
2017-12-21 02:21:22,264 - handmemory - WARNING - Trying to cut last element of reverse sheet: 22
2017-12-21 02:21:22,269 - handmemory - WARNING - Cut reverse sheetname not found either: 22
2017-12-21 02:21:22,270 - handmemory - WARNING - Using backup reverse sheet: 2
2017-12-21 02:21:22,276 - handmemory - WARNING - Reverse sheetname not found: 32R1
2017-12-21 02:21:22,278 - handmemory - WARNING - Trying to cut last element of reverse sheet: 32
2017-12-21 02:21:22,281 - handmemory - WARNING - Cut reverse sheetname not found either: 32
2017-12-21 02:21:22,283 - handmemory - WARNING - Using backup reverse sheet: 3
2017-12-21 02:21:22,288 - handmemory - WARNING - Reverse sheetname not found: 42R1
2017-12-21 02:21:22,290 - handmemory - WARNING - Trying to cut last element of reverse sheet: 42
2017-12-21 02:21:22,291 - handmemory - WARNING - Cut reverse sheetname not found either: 42
2017-12-21 02:21:22,291 - handmemory - WARNING - Using backup reverse sheet: 4
2017-12-21 02:21:46,957 - handmemory - WARNING - Reverse sheetname not found: 22R1
2017-12-21 02:21:46,958 - handmemory - WARNING - Trying to cut last element of reverse sheet: 22
2017-12-21 02:21:46,963 - handmemory - WARNING - Cut reverse sheetname not found either: 22
2017-12-21 02:21:46,964 - handmemory - WARNING - Using backup reverse sheet: 2
2017-12-21 02:21:46,970 - handmemory - WARNING - Reverse sheetname not found: 32R1
2017-12-21 02:21:46,975 - handmemory - WARNING - Trying to cut last element of reverse sheet: 32
2017-12-21 02:21:46,980 - handmemory - WARNING - Cut reverse sheetname not found either: 32
2017-12-21 02:21:46,987 - handmemory - WARNING - Using backup reverse sheet: 3
2017-12-21 02:21:46,994 - handmemory - WARNING - Reverse sheetname not found: 42R1
2017-12-21 02:21:46,994 - handmemory - WARNING - Trying to cut last element of reverse sheet: 42
2017-12-21 02:21:46,994 - handmemory - WARNING - Cut reverse sheetname not found either: 42
2017-12-21 02:21:46,995 - handmemory - WARNING - Using backup reverse sheet: 4
2017-12-21 02:22:20,042 - decision - ERROR - Call button or pot multiple had no value
2017-12-21 02:22:35,010 - handmemory - WARNING - Reverse sheetname not found: 22R5
2017-12-21 02:22:35,010 - handmemory - WARNING - Trying to cut last element of reverse sheet: 22
2017-12-21 02:22:35,013 - handmemory - WARNING - Cut reverse sheetname not found either: 22
2017-12-21 02:22:35,014 - handmemory - WARNING - Using backup reverse sheet: 2
2017-12-21 02:22:52,774 - handmemory - WARNING - Reverse sheetname not found: 22R5
2017-12-21 02:22:52,774 - handmemory - WARNING - Trying to cut last element of reverse sheet: 22
2017-12-21 02:22:52,779 - handmemory - WARNING - Cut reverse sheetname not found either: 22
2017-12-21 02:22:52,780 - handmemory - WARNING - Using backup reverse sheet: 2
2017-12-21 02:22:53,436 - decision - ERROR - Call button or pot multiple had no value
2017-12-21 02:23:14,212 - handmemory - WARNING - Reverse sheetname not found: 22R5
2017-12-21 02:23:14,213 - handmemory - WARNING - Trying to cut last element of reverse sheet: 22
2017-12-21 02:23:14,219 - handmemory - WARNING - Cut reverse sheetname not found either: 22
2017-12-21 02:23:14,220 - handmemory - WARNING - Using backup reverse sheet: 2
2017-12-21 02:23:37,338 - handmemory - WARNING - Reverse sheetname not found: 22R5
2017-12-21 02:23:37,339 - handmemory - WARNING - Trying to cut last element of reverse sheet: 22
2017-12-21 02:23:37,341 - handmemory - WARNING - Cut reverse sheetname not found either: 22
2017-12-21 02:23:37,342 - handmemory - WARNING - Using backup reverse sheet: 2
2017-12-21 02:25:47,540 - decision - ERROR - Call button or pot multiple had no value
2017-12-21 02:26:06,549 - decision - WARNING - Sheetname not found: 12
2017-12-21 02:26:06,549 - decision - WARNING - Backup sheet in use: 2R1
2017-12-21 02:26:06,847 - decision - ERROR - Call button or pot multiple had no value
2017-12-21 02:27:10,100 - decision - WARNING - Sheetname not found: 6
2017-12-21 02:27:10,100 - decision - WARNING - Backup sheet in use: 2R1
2017-12-21 02:31:07,241 - decision - WARNING - Sheetname not found: 6
2017-12-21 02:31:07,242 - decision - WARNING - Backup sheet in use: 2R1
2017-12-21 02:31:07,485 - decision - ERROR - Call button or pot multiple had no value
2017-12-21 02:31:22,693 - decision - WARNING - Sheetname not found: 62
2017-12-21 02:31:22,693 - decision - WARNING - Backup sheet in use: 2R1
2017-12-21 02:32:24,997 - decision - ERROR - Call button or pot multiple had no value
2017-12-21 02:32:50,142 - decision - WARNING - Sheetname not found: 42
2017-12-21 02:32:50,143 - decision - WARNING - Backup sheet in use: 2R1
2017-12-21 03:51:58,471 - montecarlo - WARNING - Cutting short montecarlo due to timeout
2017-12-21 03:51:58,472 - montecarlo - WARNING - Passes: 1001
2017-12-21 03:51:58,472 - montecarlo - WARNING - Runs: 110
2017-12-21 04:14:14,050 - montecarlo - WARNING - Cutting short montecarlo due to timeout
2017-12-21 04:14:14,050 - montecarlo - WARNING - Passes: 63883
2017-12-21 04:14:14,051 - montecarlo - WARNING - Runs: 6877
2017-12-21 05:49:13,435 - montecarlo - ERROR - Opponent reverse table failed: 'CurrentHandPreflopState' object has no attribute 'bot_preflop_position_utg'
2017-12-21 05:49:48,244 - montecarlo - ERROR - Opponent reverse table failed: 'CurrentHandPreflopState' object has no attribute 'bot_preflop_position_utg'
2017-12-21 05:50:49,612 - decision - ERROR - Call button or pot multiple had no value
2017-12-21 05:51:30,915 - decision - ERROR - Call button or pot multiple had no value
2017-12-21 05:54:27,755 - decision - WARNING - Sheetname not found: 6
2017-12-21 05:54:27,755 - decision - WARNING - Backup sheet in use: 2R1
2017-12-21 05:55:28,098 - decision - ERROR - Call button or pot multiple had no value
2017-12-21 10:05:47,521 - montecarlo - ERROR - Opponent reverse table failed: 'CurrentHandPreflopState' object has no attribute 'bot_preflop_position_utg'
2017-12-21 10:05:47,523 - montecarlo - ERROR - No preflop range for bot, assuming 50% relative equity
2017-12-21 10:05:54,805 - montecarlo - ERROR - Opponent reverse table failed: 'CurrentHandPreflopState' object has no attribute 'bot_preflop_position_utg'
2017-12-21 10:05:54,810 - montecarlo - ERROR - No preflop range for bot, assuming 50% relative equity
